<?xml version="1.0" encoding="UTF-8"?>
<!-- Generated by org.testng.reporters.JUnitXMLReporter -->
<testsuite ignored="0" hostname="QA-01" failures="0" tests="4" name="Add Customer Test" time="13.222" errors="0" timestamp="2020-02-18T12:39:49 EET">
  <testcase classname="com.w2a.testcases.AddCustomerTest" name="addCustomerTest" time="3.496"/>
  <testcase classname="com.w2a.testcases.AddCustomerTest" name="addCustomerTest" time="3.21"/>
  <testcase classname="com.w2a.testcases.AddCustomerTest" name="addCustomerTest" time="3.203"/>
  <testcase classname="com.w2a.testcases.AddCustomerTest" name="addCustomerTest" time="3.189"/>
</testsuite> <!-- Add Customer Test -->
