<?xml version="1.0" encoding="UTF-8"?>
<!-- Generated by org.testng.reporters.JUnitXMLReporter -->
<testsuite ignored="0" hostname="QA-01" failures="0" tests="4" name="Add Customer Test" time="10.866" errors="0" timestamp="2020-02-27T12:18:02 EET">
  <testcase classname="com.w2a.testcases.AddCustomerTest" name="addCustomerTest" time="4.343"/>
  <testcase classname="com.w2a.testcases.AddCustomerTest" name="addCustomerTest" time="3.178"/>
  <testcase classname="com.w2a.testcases.AddCustomerTest" name="addCustomerTest" time="3.184"/>
  <testcase classname="com.w2a.testcases.AddCustomerTest" name="addCustomerTest" time="0.024">
    <skipped/>
  </testcase> <!-- addCustomerTest -->
</testsuite> <!-- Add Customer Test -->
