<?xml version="1.0" encoding="UTF-8"?>
<!-- Generated by org.testng.reporters.JUnitXMLReporter -->
<testsuite ignored="0" hostname="QA-01" failures="1" tests="1" name="Bank Manager Login Test" time="1.878" errors="0" timestamp="2020-02-17T12:22:34 EET">
  <testcase classname="com.w2a.testcases.BankManagerLoginTest" name="loginBankManager" time="1.359">
    <failure type="java.lang.AssertionError" message="Test Failed Intentially">
      <![CDATA[java.lang.AssertionError: Test Failed Intentially
at com.w2a.testcases.BankManagerLoginTest.loginBankManager(BankManagerLoginTest.java:27)
at java.base/java.util.ArrayList.forEach(ArrayList.java:1507)
... Removed 32 stack frames]]>
    </failure>
  </testcase> <!-- loginBankManager -->
</testsuite> <!-- Bank Manager Login Test -->
