<?xml version="1.0" encoding="UTF-8"?>
<!-- Generated by org.testng.reporters.JUnitXMLReporter -->
<testsuite ignored="0" hostname="QA-01" failures="1" tests="1" name="Add Customer Test" time="2.006" errors="0" timestamp="2020-02-17T12:21:37 EET">
  <testcase classname="com.w2a.testcases.AddCustomerTest" name="AddCustomerTest" time="1.594">
    <failure type="java.lang.AssertionError" message=" Test Failed Intentially ">
      <![CDATA[java.lang.AssertionError:  Test Failed Intentially 
at com.w2a.testcases.AddCustomerTest.AddCustomerTest(AddCustomerTest.java:32)
at java.base/java.util.ArrayList.forEach(ArrayList.java:1507)
... Removed 28 stack frames]]>
    </failure>
  </testcase> <!-- AddCustomerTest -->
</testsuite> <!-- Add Customer Test -->
