<?xml version="1.0" encoding="UTF-8"?>
<!-- Generated by org.testng.reporters.JUnitXMLReporter -->
<testsuite ignored="0" hostname="QA-01" failures="1" tests="1" name="Add Customer Test" time="0.513" errors="0" timestamp="2020-02-10T13:56:03 EET">
  <testcase classname="com.w2a.testcases.AddCustomerTest" name="addCustomer" time="0.501">
    <failure type="java.lang.AssertionError" message="Test Failed Intentially">
      <![CDATA[java.lang.AssertionError: Test Failed Intentially
at com.w2a.testcases.AddCustomerTest.addCustomer(AddCustomerTest.java:26)
at java.base/java.util.ArrayList.forEach(ArrayList.java:1507)
... Removed 28 stack frames]]>
    </failure>
  </testcase> <!-- addCustomer -->
</testsuite> <!-- Add Customer Test -->
