<?xml version="1.0" encoding="UTF-8"?>
<testsuite xmlns:xsi="http://www.w3.org/2001/XMLSchema-instance" xsi:noNamespaceSchemaLocation="https://maven.apache.org/surefire/maven-surefire-plugin/xsd/surefire-test-report.xsd" name="TestSuite" time="51.541" tests="6" errors="0" skipped="1" failures="0">
  <properties>
[...]
</properties>
  <testcase name="bankManagerLoginTest" classname="com.w2a.testcases.BankManagerLoginTest" time="4.068"/>
  <testcase name="addCustomerTest" classname="com.w2a.testcases.AddCustomerTest" time="7.112"/>
  <testcase name="addCustomerTest" classname="com.w2a.testcases.AddCustomerTest" time="3.197"/>
  <testcase name="addCustomerTest" classname="com.w2a.testcases.AddCustomerTest" time="3.168"/>
  <testcase name="addCustomerTest" classname="com.w2a.testcases.AddCustomerTest" time="0">
    <skipped message="Skip Test Case as run mode is set to N"/>
  </testcase>
  <testcase name="openAccountTest" classname="com.w2a.testcases.OpenAccountTest" time="4.755"/>
</testsuite>