<?xml version="1.0" encoding="UTF-8"?>
<testng-results ignored="0" total="6" passed="5" failed="0" skipped="1">
  <reporter-output>
    <line>
      <![CDATA[Login Succeded TestNG]]>
    </line>
    <line>
      <![CDATA[<a target="_blank" href="C:\Users\m.yousaf\Pictures\2019-12-15_1650.png">Screenshot</a>]]>
    </line>
    <line>
      <![CDATA[<br>]]>
    </line>
    <line>
      <![CDATA[<a target="_blank" href="C:\Users\m.yousaf\Pictures\2019-12-15_1650.png"><img src="C:\Users\m.yousaf\Pictures\2019-12-15_1650.png" height=200 width=200></img></a>]]>
    </line>
  </reporter-output>
  <suite started-at="2020-02-17T17:23:06 EET" name="Data Driven Basics" finished-at="2020-02-17T17:23:24 EET" duration-ms="17560">
    <groups>
    </groups>
    <test started-at="2020-02-17T17:23:06 EET" name="Bank Manager Login Test" finished-at="2020-02-17T17:23:11 EET" duration-ms="4261">
      <class name="com.w2a.testcases.BankManagerLoginTest">
        <test-method signature="bankManagerLoginTest()[pri:0, instance:com.w2a.testcases.BankManagerLoginTest@232a7d73]" started-at="2020-02-17T17:23:06 EET" name="bankManagerLoginTest" finished-at="2020-02-17T17:23:10 EET" duration-ms="4096" status="PASS">
          <reporter-output>
            <line>
              <![CDATA[Login Succeded TestNG]]>
            </line>
            <line>
              <![CDATA[<a target="_blank" href="C:\Users\m.yousaf\Pictures\2019-12-15_1650.png">Screenshot</a>]]>
            </line>
            <line>
              <![CDATA[<br>]]>
            </line>
            <line>
              <![CDATA[<a target="_blank" href="C:\Users\m.yousaf\Pictures\2019-12-15_1650.png"><img src="C:\Users\m.yousaf\Pictures\2019-12-15_1650.png" height=200 width=200></img></a>]]>
            </line>
          </reporter-output>
        </test-method> <!-- bankManagerLoginTest -->
      </class> <!-- com.w2a.testcases.BankManagerLoginTest -->
    </test> <!-- Bank Manager Login Test -->
    <test started-at="2020-02-17T17:23:11 EET" name="Add Customer Test" finished-at="2020-02-17T17:23:24 EET" duration-ms="13226">
      <class name="com.w2a.testcases.AddCustomerTest">
        <test-method signature="addCustomerTest(java.lang.String, java.lang.String, java.lang.String, java.lang.String)[pri:0, instance:com.w2a.testcases.AddCustomerTest@1338fb5]" started-at="2020-02-17T17:23:11 EET" name="addCustomerTest" data-provider="dp" finished-at="2020-02-17T17:23:14 EET" duration-ms="3511" status="PASS">
          <params>
            <param index="0">
              <value>
                <![CDATA[Mohamed]]>
              </value>
            </param>
            <param index="1">
              <value>
                <![CDATA[Youssef]]>
              </value>
            </param>
            <param index="2">
              <value>
                <![CDATA[11725.0]]>
              </value>
            </param>
            <param index="3">
              <value>
                <![CDATA[Customer added successfully]]>
              </value>
            </param>
          </params>
          <reporter-output>
          </reporter-output>
        </test-method> <!-- addCustomerTest -->
        <test-method signature="addCustomerTest(java.lang.String, java.lang.String, java.lang.String, java.lang.String)[pri:0, instance:com.w2a.testcases.AddCustomerTest@1338fb5]" started-at="2020-02-17T17:23:14 EET" name="addCustomerTest" data-provider="dp" finished-at="2020-02-17T17:23:17 EET" duration-ms="3196" status="PASS">
          <params>
            <param index="0">
              <value>
                <![CDATA[Hassan]]>
              </value>
            </param>
            <param index="1">
              <value>
                <![CDATA[Ahmed]]>
              </value>
            </param>
            <param index="2">
              <value>
                <![CDATA[11726.0]]>
              </value>
            </param>
            <param index="3">
              <value>
                <![CDATA[Customer added successfully]]>
              </value>
            </param>
          </params>
          <reporter-output>
          </reporter-output>
        </test-method> <!-- addCustomerTest -->
        <test-method signature="addCustomerTest(java.lang.String, java.lang.String, java.lang.String, java.lang.String)[pri:0, instance:com.w2a.testcases.AddCustomerTest@1338fb5]" started-at="2020-02-17T17:23:17 EET" name="addCustomerTest" data-provider="dp" finished-at="2020-02-17T17:23:21 EET" duration-ms="3200" status="PASS">
          <params>
            <param index="0">
              <value>
                <![CDATA[Mohamed]]>
              </value>
            </param>
            <param index="1">
              <value>
                <![CDATA[Nakoury]]>
              </value>
            </param>
            <param index="2">
              <value>
                <![CDATA[11727.0]]>
              </value>
            </param>
            <param index="3">
              <value>
                <![CDATA[Customer added successfully]]>
              </value>
            </param>
          </params>
          <reporter-output>
          </reporter-output>
        </test-method> <!-- addCustomerTest -->
        <test-method signature="addCustomerTest(java.lang.String, java.lang.String, java.lang.String, java.lang.String)[pri:0, instance:com.w2a.testcases.AddCustomerTest@1338fb5]" started-at="2020-02-17T17:23:21 EET" name="addCustomerTest" data-provider="dp" finished-at="2020-02-17T17:23:24 EET" duration-ms="3189" status="PASS">
          <params>
            <param index="0">
              <value>
                <![CDATA[Bassel]]>
              </value>
            </param>
            <param index="1">
              <value>
                <![CDATA[Safwat]]>
              </value>
            </param>
            <param index="2">
              <value>
                <![CDATA[11728.0]]>
              </value>
            </param>
            <param index="3">
              <value>
                <![CDATA[Customer added successfully]]>
              </value>
            </param>
          </params>
          <reporter-output>
          </reporter-output>
        </test-method> <!-- addCustomerTest -->
      </class> <!-- com.w2a.testcases.AddCustomerTest -->
    </test> <!-- Add Customer Test -->
    <test started-at="2020-02-17T17:23:24 EET" name="Open Account Test" finished-at="2020-02-17T17:23:24 EET" duration-ms="25">
      <class name="com.w2a.testcases.OpenAccountTest">
        <test-method is-config="true" signature="setup()[pri:0, instance:com.w2a.testcases.OpenAccountTest@613a8ee1]" started-at="2020-02-17T17:22:55 EET" name="setup" finished-at="2020-02-17T17:23:06 EET" duration-ms="10835" status="PASS">
          <reporter-output>
          </reporter-output>
        </test-method> <!-- setup -->
        <test-method signature="openAccountTest(java.lang.String, java.lang.String)[pri:0, instance:com.w2a.testcases.OpenAccountTest@613a8ee1]" started-at="2020-02-17T17:23:24 EET" name="openAccountTest" data-provider="dp" finished-at="2020-02-17T17:23:24 EET" duration-ms="0" status="SKIP">
          <params>
            <param index="0">
              <value>
                <![CDATA[Mohamed Youssef]]>
              </value>
            </param>
            <param index="1">
              <value>
                <![CDATA[Dollar]]>
              </value>
            </param>
          </params>
          <exception class="org.testng.SkipException">
            <message>
              <![CDATA[Skipping test case : OPENACCOUNTTEST As Run Mode is N ]]>
            </message>
            <full-stacktrace>
              <![CDATA[org.testng.SkipException: Skipping test case : OPENACCOUNTTEST As Run Mode is N 
at com.w2a.listeners.CustomListeners.onTestStart(CustomListeners.java:62)
at org.testng.internal.TestListenerHelper.runTestListeners(TestListenerHelper.java:73)
at org.testng.internal.TestInvoker.runTestResultListener(TestInvoker.java:219)
at org.testng.internal.TestInvoker.invokeMethod(TestInvoker.java:570)
at org.testng.internal.TestInvoker.invokeTestMethod(TestInvoker.java:173)
at org.testng.internal.MethodRunner.runInSequence(MethodRunner.java:46)
at org.testng.internal.TestInvoker$MethodInvocationAgent.invoke(TestInvoker.java:816)
at org.testng.internal.TestInvoker.invokeTestMethods(TestInvoker.java:146)
at org.testng.internal.TestMethodWorker.invokeTestMethods(TestMethodWorker.java:146)
at org.testng.internal.TestMethodWorker.run(TestMethodWorker.java:128)
at java.base/java.util.ArrayList.forEach(ArrayList.java:1507)
at org.testng.TestRunner.privateRun(TestRunner.java:766)
at org.testng.TestRunner.run(TestRunner.java:587)
at org.testng.SuiteRunner.runTest(SuiteRunner.java:384)
at org.testng.SuiteRunner.runSequentially(SuiteRunner.java:378)
at org.testng.SuiteRunner.privateRun(SuiteRunner.java:337)
at org.testng.SuiteRunner.run(SuiteRunner.java:286)
at org.testng.SuiteRunnerWorker.runSuite(SuiteRunnerWorker.java:53)
at org.testng.SuiteRunnerWorker.run(SuiteRunnerWorker.java:96)
at org.testng.TestNG.runSuitesSequentially(TestNG.java:1187)
at org.testng.TestNG.runSuitesLocally(TestNG.java:1109)
at org.testng.TestNG.runSuites(TestNG.java:1039)
at org.testng.TestNG.run(TestNG.java:1007)
at org.apache.maven.surefire.testng.TestNGExecutor.run(TestNGExecutor.java:283)
at org.apache.maven.surefire.testng.TestNGXmlTestSuite.execute(TestNGXmlTestSuite.java:75)
at org.apache.maven.surefire.testng.TestNGProvider.invoke(TestNGProvider.java:120)
at org.apache.maven.surefire.booter.ForkedBooter.invokeProviderInSameClassLoader(ForkedBooter.java:384)
at org.apache.maven.surefire.booter.ForkedBooter.runSuitesInProcess(ForkedBooter.java:345)
at org.apache.maven.surefire.booter.ForkedBooter.execute(ForkedBooter.java:126)
at org.apache.maven.surefire.booter.ForkedBooter.main(ForkedBooter.java:418)
]]>
            </full-stacktrace>
          </exception> <!-- org.testng.SkipException -->
          <reporter-output>
          </reporter-output>
        </test-method> <!-- openAccountTest -->
        <test-method is-config="true" signature="teardown()[pri:0, instance:com.w2a.testcases.OpenAccountTest@613a8ee1]" started-at="2020-02-17T17:23:24 EET" name="teardown" finished-at="2020-02-17T17:23:25 EET" duration-ms="726" status="PASS">
          <reporter-output>
          </reporter-output>
        </test-method> <!-- teardown -->
      </class> <!-- com.w2a.testcases.OpenAccountTest -->
    </test> <!-- Open Account Test -->
  </suite> <!-- Data Driven Basics -->
</testng-results>
