<?xml version="1.0" encoding="UTF-8"?>
<testng-results ignored="0" total="6" passed="6" failed="0" skipped="0">
  <reporter-output>
    <line>
      <![CDATA[Login Succeded TestNG]]>
    </line>
    <line>
      <![CDATA[<a target="_blank" href="C:\Users\m.yousaf\Pictures\2019-12-15_1650.png">Screenshot</a>]]>
    </line>
    <line>
      <![CDATA[<br>]]>
    </line>
    <line>
      <![CDATA[<a target="_blank" href="C:\Users\m.yousaf\Pictures\2019-12-15_1650.png"><img src="C:\Users\m.yousaf\Pictures\2019-12-15_1650.png" height=200 width=200></img></a>]]>
    </line>
  </reporter-output>
  <suite started-at="2020-02-17T15:06:32 EET" name="Data Driven Basics" finished-at="2020-02-17T15:06:54 EET" duration-ms="21267">
    <groups>
    </groups>
    <test started-at="2020-02-17T15:06:32 EET" name="Bank Manager Login Test" finished-at="2020-02-17T15:06:37 EET" duration-ms="4227">
      <class name="com.w2a.testcases.BankManagerLoginTest">
        <test-method signature="loginBankManager()[pri:0, instance:com.w2a.testcases.BankManagerLoginTest@55dfebeb]" started-at="2020-02-17T15:06:32 EET" name="loginBankManager" finished-at="2020-02-17T15:06:36 EET" duration-ms="4072" status="PASS">
          <reporter-output>
            <line>
              <![CDATA[Login Succeded TestNG]]>
            </line>
            <line>
              <![CDATA[<a target="_blank" href="C:\Users\m.yousaf\Pictures\2019-12-15_1650.png">Screenshot</a>]]>
            </line>
            <line>
              <![CDATA[<br>]]>
            </line>
            <line>
              <![CDATA[<a target="_blank" href="C:\Users\m.yousaf\Pictures\2019-12-15_1650.png"><img src="C:\Users\m.yousaf\Pictures\2019-12-15_1650.png" height=200 width=200></img></a>]]>
            </line>
          </reporter-output>
        </test-method> <!-- loginBankManager -->
      </class> <!-- com.w2a.testcases.BankManagerLoginTest -->
    </test> <!-- Bank Manager Login Test -->
    <test started-at="2020-02-17T15:06:37 EET" name="Add Customer Test" finished-at="2020-02-17T15:06:50 EET" duration-ms="13310">
      <class name="com.w2a.testcases.AddCustomerTest">
        <test-method signature="AddCustomerTest(java.lang.String, java.lang.String, java.lang.String, java.lang.String)[pri:0, instance:com.w2a.testcases.AddCustomerTest@301ec38b]" started-at="2020-02-17T15:06:37 EET" name="AddCustomerTest" data-provider="dp" finished-at="2020-02-17T15:06:40 EET" duration-ms="3574" status="PASS">
          <params>
            <param index="0">
              <value>
                <![CDATA[Mohamed]]>
              </value>
            </param>
            <param index="1">
              <value>
                <![CDATA[Youssef]]>
              </value>
            </param>
            <param index="2">
              <value>
                <![CDATA[11725.0]]>
              </value>
            </param>
            <param index="3">
              <value>
                <![CDATA[Customer added successfully]]>
              </value>
            </param>
          </params>
          <reporter-output>
          </reporter-output>
        </test-method> <!-- AddCustomerTest -->
        <test-method signature="AddCustomerTest(java.lang.String, java.lang.String, java.lang.String, java.lang.String)[pri:0, instance:com.w2a.testcases.AddCustomerTest@301ec38b]" started-at="2020-02-17T15:06:40 EET" name="AddCustomerTest" data-provider="dp" finished-at="2020-02-17T15:06:43 EET" duration-ms="3196" status="PASS">
          <params>
            <param index="0">
              <value>
                <![CDATA[Hassan]]>
              </value>
            </param>
            <param index="1">
              <value>
                <![CDATA[Ahmed]]>
              </value>
            </param>
            <param index="2">
              <value>
                <![CDATA[11726.0]]>
              </value>
            </param>
            <param index="3">
              <value>
                <![CDATA[Customer added successfully]]>
              </value>
            </param>
          </params>
          <reporter-output>
          </reporter-output>
        </test-method> <!-- AddCustomerTest -->
        <test-method signature="AddCustomerTest(java.lang.String, java.lang.String, java.lang.String, java.lang.String)[pri:0, instance:com.w2a.testcases.AddCustomerTest@301ec38b]" started-at="2020-02-17T15:06:43 EET" name="AddCustomerTest" data-provider="dp" finished-at="2020-02-17T15:06:47 EET" duration-ms="3218" status="PASS">
          <params>
            <param index="0">
              <value>
                <![CDATA[Mohamed]]>
              </value>
            </param>
            <param index="1">
              <value>
                <![CDATA[Nakoury]]>
              </value>
            </param>
            <param index="2">
              <value>
                <![CDATA[11727.0]]>
              </value>
            </param>
            <param index="3">
              <value>
                <![CDATA[Customer added successfully]]>
              </value>
            </param>
          </params>
          <reporter-output>
          </reporter-output>
        </test-method> <!-- AddCustomerTest -->
        <test-method signature="AddCustomerTest(java.lang.String, java.lang.String, java.lang.String, java.lang.String)[pri:0, instance:com.w2a.testcases.AddCustomerTest@301ec38b]" started-at="2020-02-17T15:06:47 EET" name="AddCustomerTest" data-provider="dp" finished-at="2020-02-17T15:06:50 EET" duration-ms="3187" status="PASS">
          <params>
            <param index="0">
              <value>
                <![CDATA[Bassel]]>
              </value>
            </param>
            <param index="1">
              <value>
                <![CDATA[Safwat]]>
              </value>
            </param>
            <param index="2">
              <value>
                <![CDATA[11728.0]]>
              </value>
            </param>
            <param index="3">
              <value>
                <![CDATA[Customer added successfully]]>
              </value>
            </param>
          </params>
          <reporter-output>
          </reporter-output>
        </test-method> <!-- AddCustomerTest -->
      </class> <!-- com.w2a.testcases.AddCustomerTest -->
    </test> <!-- Add Customer Test -->
    <test started-at="2020-02-17T15:06:50 EET" name="Open Account Test" finished-at="2020-02-17T15:06:54 EET" duration-ms="3682">
      <class name="com.w2a.testcases.OpenAccountTest">
        <test-method is-config="true" signature="setup()[pri:0, instance:com.w2a.testcases.OpenAccountTest@5669c5fb]" started-at="2020-02-17T15:06:22 EET" name="setup" finished-at="2020-02-17T15:06:32 EET" duration-ms="10780" status="PASS">
          <reporter-output>
          </reporter-output>
        </test-method> <!-- setup -->
        <test-method signature="OpenAccountTest(java.lang.String, java.lang.String)[pri:0, instance:com.w2a.testcases.OpenAccountTest@5669c5fb]" started-at="2020-02-17T15:06:50 EET" name="OpenAccountTest" data-provider="dp" finished-at="2020-02-17T15:06:54 EET" duration-ms="3654" status="PASS">
          <params>
            <param index="0">
              <value>
                <![CDATA[Mohamed Youssef]]>
              </value>
            </param>
            <param index="1">
              <value>
                <![CDATA[Dollar]]>
              </value>
            </param>
          </params>
          <reporter-output>
          </reporter-output>
        </test-method> <!-- OpenAccountTest -->
        <test-method is-config="true" signature="teardown()[pri:0, instance:com.w2a.testcases.OpenAccountTest@5669c5fb]" started-at="2020-02-17T15:06:54 EET" name="teardown" finished-at="2020-02-17T15:06:54 EET" duration-ms="728" status="PASS">
          <reporter-output>
          </reporter-output>
        </test-method> <!-- teardown -->
      </class> <!-- com.w2a.testcases.OpenAccountTest -->
    </test> <!-- Open Account Test -->
  </suite> <!-- Data Driven Basics -->
</testng-results>
