<?xml version="1.0" encoding="UTF-8"?>
<testsuite xmlns:xsi="http://www.w3.org/2001/XMLSchema-instance" xsi:noNamespaceSchemaLocation="https://maven.apache.org/surefire/maven-surefire-plugin/xsd/surefire-test-report.xsd" name="TestSuite" time="25.669" tests="2" errors="0" skipped="0" failures="2">
  <properties>
[...]
</properties>
  <testcase name="loginBankManager" classname="com.w2a.testcases.BankManagerLoginTest" time="1.866">
    <failure message="Test Failed Intentially" type="java.lang.AssertionError">java.lang.AssertionError: Test Failed Intentially
	at com.w2a.testcases.BankManagerLoginTest.loginBankManager(BankManagerLoginTest.java:27)
</failure>
    <system-err><![CDATA[Starting ChromeDriver 79.0.3945.36 (3582db32b33893869b8c1339e8f4d9ed1816f143-refs/branch-heads/3945@{#614}) on port 22505
Only local connections are allowed.
Please protect ports used by ChromeDriver and related test frameworks to prevent access by malicious code.
[1581934935.284][WARNING]: This version of ChromeDriver has not been tested with Chrome version 80.
[1581934937.288][WARNING]: Timed out connecting to Chrome, retrying...
[1581934950.552][WARNING]: Timed out connecting to Chrome, retrying...
]]></system-err>
  </testcase>
  <testcase name="AddCustomerTest" classname="com.w2a.testcases.AddCustomerTest" time="3.536">
    <failure message=" Test Failed Intentially " type="java.lang.AssertionError">java.lang.AssertionError:  Test Failed Intentially 
	at com.w2a.testcases.AddCustomerTest.AddCustomerTest(AddCustomerTest.java:32)
</failure>
  </testcase>
</testsuite>