<?xml version="1.0" encoding="UTF-8"?>
<testsuite name="Add Customer Test"
           tests="4"
           failures="0"
           errors="0"
           skipped="0"
           time="13.175">
  <properties />
  
  
            <testcase name="AddCustomerTest" time="3.196" classname="com.w2a.testcases.AddCustomerTest" />
                <testcase name="AddCustomerTest" time="3.187" classname="com.w2a.testcases.AddCustomerTest" />
                <testcase name="AddCustomerTest" time="3.574" classname="com.w2a.testcases.AddCustomerTest" />
                <testcase name="AddCustomerTest" time="3.218" classname="com.w2a.testcases.AddCustomerTest" />
      
</testsuite>
