<?xml version="1.0" encoding="UTF-8"?>
<testng-results ignored="0" total="1" passed="1" failed="0" skipped="0">
  <reporter-output>
  </reporter-output>
  <suite started-at="2020-03-04T15:28:21 EET" name="test Suite" finished-at="2020-03-04T15:28:43 EET" duration-ms="21540">
    <groups>
    </groups>
    <test started-at="2020-03-04T15:28:21 EET" name="Test Browser 1" finished-at="2020-03-04T15:28:43 EET" duration-ms="21540">
      <class name="parallel.GridTest">
        <test-method signature="googleTest(java.lang.String)[pri:0, instance:parallel.GridTest@74e52303]" started-at="2020-03-04T15:28:21 EET" name="googleTest" finished-at="2020-03-04T15:28:43 EET" duration-ms="21513" status="PASS">
          <params>
            <param index="0">
              <value>
                <![CDATA[firefox]]>
              </value>
            </param>
          </params>
          <reporter-output>
          </reporter-output>
        </test-method> <!-- googleTest -->
      </class> <!-- parallel.GridTest -->
    </test> <!-- Test Browser 1 -->
  </suite> <!-- test Suite -->
</testng-results>
